<?xml version="1.0" encoding="UTF-8"?>
<testng-results ignored="0" total="2" passed="2" failed="0" skipped="0">
  <reporter-output>
  </reporter-output>
  <suite started-at="2026-03-14T17:12:01 IST" name="Surefire suite" finished-at="2026-03-14T17:12:20 IST" duration-ms="19222">
    <groups>
    </groups>
    <test started-at="2026-03-14T17:12:01 IST" name="Surefire test" finished-at="2026-03-14T17:12:20 IST" duration-ms="19222">
      <class name="com.selenium.TestOne">
        <test-method is-config="true" signature="setUpReport()[pri:0, instance:com.selenium.TestOne@2f6e28bc]" started-at="2026-03-14T17:12:01 IST" name="setUpReport" finished-at="2026-03-14T17:12:01 IST" duration-ms="452" status="PASS">
          <reporter-output>
          </reporter-output>
        </test-method> <!-- setUpReport -->
        <test-method is-config="true" signature="setup(java.lang.reflect.Method)[pri:0, instance:com.selenium.TestOne@2f6e28bc]" started-at="2026-03-14T17:12:01 IST" name="setup" finished-at="2026-03-14T17:12:06 IST" duration-ms="4914" status="PASS">
          <params>
            <param index="0">
              <value>
                <![CDATA[public void com.selenium.TestOne.TestOne()]]>
              </value>
            </param>
          </params>
          <reporter-output>
          </reporter-output>
        </test-method> <!-- setup -->
        <test-method is-config="true" signature="initializeGenericFunctions()[pri:0, instance:com.selenium.TestOne@2f6e28bc]" started-at="2026-03-14T17:12:06 IST" name="initializeGenericFunctions" finished-at="2026-03-14T17:12:10 IST" duration-ms="3694" status="PASS">
          <reporter-output>
          </reporter-output>
        </test-method> <!-- initializeGenericFunctions -->
        <test-method signature="TestOne()[pri:0, instance:com.selenium.TestOne@2f6e28bc]" started-at="2026-03-14T17:12:10 IST" name="TestOne" finished-at="2026-03-14T17:12:11 IST" duration-ms="1399" status="PASS">
          <reporter-output>
          </reporter-output>
        </test-method> <!-- TestOne -->
        <test-method is-config="true" signature="tearDown(org.testng.ITestResult)[pri:0, instance:com.selenium.TestOne@2f6e28bc]" started-at="2026-03-14T17:12:11 IST" name="tearDown" finished-at="2026-03-14T17:12:12 IST" duration-ms="1074" status="PASS">
          <params>
            <param index="0">
              <value>
                <![CDATA[[TestResult name=TestOne status=SUCCESS method=TestOne.TestOne()[pri:0, instance:com.selenium.TestOne@2f6e28bc] output={null}]]]>
              </value>
            </param>
          </params>
          <reporter-output>
          </reporter-output>
        </test-method> <!-- tearDown -->
        <test-method is-config="true" signature="setup(java.lang.reflect.Method)[pri:0, instance:com.selenium.TestOne@2f6e28bc]" started-at="2026-03-14T17:12:12 IST" name="setup" finished-at="2026-03-14T17:12:16 IST" duration-ms="3256" status="PASS">
          <params>
            <param index="0">
              <value>
                <![CDATA[public void com.selenium.TestOne.TestTwo()]]>
              </value>
            </param>
          </params>
          <reporter-output>
          </reporter-output>
        </test-method> <!-- setup -->
        <test-method is-config="true" signature="initializeGenericFunctions()[pri:0, instance:com.selenium.TestOne@2f6e28bc]" started-at="2026-03-14T17:12:16 IST" name="initializeGenericFunctions" finished-at="2026-03-14T17:12:18 IST" duration-ms="2937" status="PASS">
          <reporter-output>
          </reporter-output>
        </test-method> <!-- initializeGenericFunctions -->
        <test-method signature="TestTwo()[pri:0, instance:com.selenium.TestOne@2f6e28bc]" started-at="2026-03-14T17:12:18 IST" name="TestTwo" finished-at="2026-03-14T17:12:19 IST" duration-ms="836" status="PASS">
          <reporter-output>
          </reporter-output>
        </test-method> <!-- TestTwo -->
        <test-method is-config="true" signature="tearDown(org.testng.ITestResult)[pri:0, instance:com.selenium.TestOne@2f6e28bc]" started-at="2026-03-14T17:12:19 IST" name="tearDown" finished-at="2026-03-14T17:12:20 IST" duration-ms="1024" status="PASS">
          <params>
            <param index="0">
              <value>
                <![CDATA[[TestResult name=TestTwo status=SUCCESS method=TestOne.TestTwo()[pri:0, instance:com.selenium.TestOne@2f6e28bc] output={null}]]]>
              </value>
            </param>
          </params>
          <reporter-output>
          </reporter-output>
        </test-method> <!-- tearDown -->
        <test-method is-config="true" signature="tearDownReport()[pri:0, instance:com.selenium.TestOne@2f6e28bc]" started-at="2026-03-14T17:12:20 IST" name="tearDownReport" finished-at="2026-03-14T17:12:21 IST" duration-ms="852" status="PASS">
          <reporter-output>
          </reporter-output>
        </test-method> <!-- tearDownReport -->
      </class> <!-- com.selenium.TestOne -->
    </test> <!-- Surefire test -->
  </suite> <!-- Surefire suite -->
</testng-results>
