<?xml version="1.0" encoding="UTF-8"?>
<testng-results ignored="0" total="1" passed="1" failed="0" skipped="0">
  <reporter-output>
  </reporter-output>
  <suite started-at="2026-03-15T16:58:48 IST" name="Surefire suite" finished-at="2026-03-15T16:58:55 IST" duration-ms="7889">
    <groups>
    </groups>
    <test started-at="2026-03-15T16:58:48 IST" name="Surefire test" finished-at="2026-03-15T16:58:55 IST" duration-ms="7889">
      <class name="com.selenium.SelfHealing">
        <test-method is-config="true" signature="setUpReport()[pri:0, instance:com.selenium.SelfHealing@57ac5227]" started-at="2026-03-15T16:58:47 IST" name="setUpReport" finished-at="2026-03-15T16:58:48 IST" duration-ms="190" status="PASS">
          <reporter-output>
          </reporter-output>
        </test-method> <!-- setUpReport -->
        <test-method is-config="true" signature="setup(java.lang.reflect.Method)[pri:0, instance:com.selenium.SelfHealing@57ac5227]" started-at="2026-03-15T16:58:48 IST" name="setup" finished-at="2026-03-15T16:58:49 IST" duration-ms="1940" status="PASS">
          <params>
            <param index="0">
              <value>
                <![CDATA[public static void com.selenium.SelfHealing.enterUsername()]]>
              </value>
            </param>
          </params>
          <reporter-output>
          </reporter-output>
        </test-method> <!-- setup -->
        <test-method is-config="true" signature="initializeGenericFunctions()[pri:0, instance:com.selenium.SelfHealing@57ac5227]" started-at="2026-03-15T16:58:49 IST" name="initializeGenericFunctions" finished-at="2026-03-15T16:58:52 IST" duration-ms="2880" status="PASS">
          <reporter-output>
          </reporter-output>
        </test-method> <!-- initializeGenericFunctions -->
        <test-method signature="enterUsername()[pri:0, instance:com.selenium.SelfHealing@57ac5227]" started-at="2026-03-15T16:58:52 IST" name="enterUsername" finished-at="2026-03-15T16:58:55 IST" duration-ms="2367" status="PASS">
          <reporter-output>
          </reporter-output>
        </test-method> <!-- enterUsername -->
        <test-method is-config="true" signature="tearDown(org.testng.ITestResult)[pri:0, instance:com.selenium.SelfHealing@57ac5227]" started-at="2026-03-15T16:58:55 IST" name="tearDown" finished-at="2026-03-15T16:58:55 IST" duration-ms="669" status="PASS">
          <params>
            <param index="0">
              <value>
                <![CDATA[[TestResult name=enterUsername status=SUCCESS method=SelfHealing.enterUsername()[pri:0, instance:com.selenium.SelfHealing@57ac5227] output={null}]]]>
              </value>
            </param>
          </params>
          <reporter-output>
          </reporter-output>
        </test-method> <!-- tearDown -->
        <test-method is-config="true" signature="tearDownReport()[pri:0, instance:com.selenium.SelfHealing@57ac5227]" started-at="2026-03-15T16:58:55 IST" name="tearDownReport" finished-at="2026-03-15T16:58:56 IST" duration-ms="273" status="PASS">
          <reporter-output>
          </reporter-output>
        </test-method> <!-- tearDownReport -->
      </class> <!-- com.selenium.SelfHealing -->
    </test> <!-- Surefire test -->
  </suite> <!-- Surefire suite -->
</testng-results>
